Arguments: 
  C:\Program Files\nodejs\node.exe C:\Users\byrne\.node\corepack\yarn\1.22.19\bin\yarn.js add -E @radix-ui

PATH: 
  C:\Users\byrne\miniconda3\envs\gym;C:\Users\byrne\miniconda3\envs\gym\Library\mingw-w64\bin;C:\Users\byrne\miniconda3\envs\gym\Library\usr\bin;C:\Users\byrne\miniconda3\envs\gym\Library\bin;C:\Users\byrne\miniconda3\envs\gym\Scripts;C:\Users\byrne\miniconda3\envs\gym\bin;C:\Users\byrne\miniconda3\condabin;C:\Program Files (x86)\VMware\VMware Player\bin;C:\Program Files\National Instruments\Shared\OpenVINO;C:\Program Files\Microsoft\jdk-17.0.4.101-hotspot\bin;C:\Python38\Scripts;C:\Python38;C:\Python310\Scripts;C:\Python310;C:\Program Files\Common Files\Oracle\Java\javapath;C:\Program Files (x86)\Common Files\Oracle\Java\javapath;C:\Windows\system32;C:\Windows;C:\Windows\System32\Wbem;C:\Windows\System32\WindowsPowerShell\v1.0;C:\Windows\System32\OpenSSH;C:\Program Files\Microsoft SQL Server\120\Tools\Binn;C:\Program Files\Java\jdk1.8.0_251\bin;C:\Program Files\apache-maven-3.6.3\apache-maven-3.6.3\bin;C:\Program Files\Git\cmd;C:\WINDOWS\system32;C:\WINDOWS;C:\WINDOWS\System32\Wbem;C:\WINDOWS\System32\WindowsPowerShell\v1.0;C:\WINDOWS\System32\OpenSSH;C:\Program Files\PHP\php-8.0.6-Win32-vs16-x64;C:\composer;C:\Program Files\dotnet;C:\Program Files\Microsoft SQL Server\130\Tools\Binn;C:\Program Files\Siemens\NX1926\CAPITALINTEGRATION\capitalnxremote;C:\Users\byrne\miniconda3;C:\Users\byrne\miniconda3\Library\mingw-w64\bin;C:\User;C:\Program Files\MATLAB\R2022a\bin;C:\Program Files (x86)\Windows Kits\8.1\Windows Performance Toolkit;C:\Program Files\Microsoft SQL Server\150\Tools\Binn;C:\Program Files\nodejs;C:\ProgramData\chocolatey\bin;C:\ProgramData\chocolatey\lib\cunit\lib;C:\ProgramData\chocolatey\lib\tinyxml2\lib;C:\ProgramData\chocolatey\lib\log4cxx\lib;C:\ProgramData\chocolatey\lib\bullet\lib;.;C:\Program Files (x86)\NVIDIA Corporation\PhysX\Common;C:\WINDOWS\system32;C:\WINDOWS;C:\WINDOWS\System32\Wbem;C:\WINDOWS\System32\WindowsPowerShell\v1.0;C:\WINDOWS\System32\OpenSSH;C:\Program Files\Graphviz\bin;C:\Program Files\Docker\Docker\resources\bin;C:\Users\byrne\miniconda3;C:\Users\byrne\miniconda3\Library\mingw-w64\bin;C:\Users\byrne\miniconda3\Library\usr\bin;C:\Users\byrne\miniconda3\Library\bin;C:\Users\byrne\miniconda3\Scripts;C:\Users\byrne\AppData\Local\Microsoft\WindowsApps;C:\Users\byrne\AppData\Local\GitHubDesktop\bin;C:\flutter\bin;C:\Users\byrne\AppData\Local\Microsoft\WindowsApps;C:\Users\byrne\AppData\Roaming\Composer\vendor\bin;C:\Program Files\JetBrains\PyCharm Community Edition 2021.1.1\bin;.;C:\Users\byrne\.dotnet\tools;C:\Users\byrne\AppData\Local\Programs\Microsoft VS Code\bin;C:\Program Files (x86)\Dr. Memory\bin;C:\Users\byrne\AppData\Roaming\npm;.;C:\Program Files (x86)\VMware\VMware Player\bin\;C:\Program Files\National Instruments\Shared\OpenVINO\;C:\Program Files\Microsoft\jdk-17.0.4.101-hotspot\bin;C:\Python38\Scripts\;C:\Python38\;C:\Python310\Scripts\;C:\Python310\;C:\Program Files\Common Files\Oracle\Java\javapath;C:\Program Files (x86)\Common Files\Oracle\Java\javapath;C:\Windows\system32;C:\Windows;C:\Windows\System32\Wbem;C:\Windows\System32\WindowsPowerShell\v1.0\;C:\Windows\System32\OpenSSH\;C:\Program Files\Microsoft SQL Server\120\Tools\Binn\;C:\Program Files\Java\jdk1.8.0_251\bin;C:\Program Files\apache-maven-3.6.3\apache-maven-3.6.3\bin;C:\Program Files\Git\cmd;C:\WINDOWS\system32;C:\WINDOWS;C:\WINDOWS\System32\Wbem;C:\WINDOWS\System32\WindowsPowerShell\v1.0\;C:\WINDOWS\System32\OpenSSH\;C:\Program Files\PHP\php-8.0.6-Win32-vs16-x64;C:\composer;C:\Program Files\dotnet\;C:\Program Files\Microsoft SQL Server\130\Tools\Binn\;C:\Program Files\Siemens\NX1926\CAPITALINTEGRATION\capitalnxremote\;C:\Users\byrne\miniconda3;C:\Users\byrne\miniconda3\Library\mingw-w64\bin;C:\User;C:\Program Files\MATLAB\R2022a\bin;C:\Program Files (x86)\Windows Kits\8.1\Windows Performance Toolkit\;C:\Program Files\Microsoft SQL Server\150\Tools\Binn\;C:\Program Files\nodejs\;C:\ProgramData\chocolatey\bin;C:\ProgramData\chocolatey\lib\cunit\lib;C:\ProgramData\chocolatey\lib\tinyxml2\lib;C:\ProgramData\chocolatey\lib\log4cxx\lib;C:\ProgramData\chocolatey\lib\bullet\lib;;C:\Program Files (x86)\NVIDIA Corporation\PhysX\Common;C:\WINDOWS\system32;C:\WINDOWS;C:\WINDOWS\System32\Wbem;C:\WINDOWS\System32\WindowsPowerShell\v1.0\;C:\WINDOWS\System32\OpenSSH\;C:\Program Files\Graphviz\bin;C:\Program Files\Docker\Docker\resources\bin;C:\Users\byrne\miniconda3;C:\Users\byrne\miniconda3\Library\mingw-w64\bin;C:\Users\byrne\miniconda3\Library\usr\bin;C:\Users\byrne\miniconda3\Library\bin;C:\Users\byrne\miniconda3\Scripts;C:\Users\byrne\AppData\Local\Microsoft\WindowsApps;C:\Users\byrne\AppData\Local\GitHubDesktop\bin;C:\flutter\bin;C:\Users\byrne\AppData\Local\Microsoft\WindowsApps;C:\Users\byrne\AppData\Roaming\Composer\vendor\bin;C:\Program Files\JetBrains\PyCharm Community Edition 2021.1.1\bin;;C:\Users\byrne\.dotnet\tools;C:\Users\byrne\AppData\Local\Programs\Microsoft VS Code\bin;C:\Program Files (x86)\Dr. Memory\bin\;C:\Users\byrne\AppData\Roaming\npm;

Yarn version: 
  1.22.19

Node version: 
  18.7.0

Platform: 
  win32 x64

Trace: 
  Error: https://registry.yarnpkg.com/@radix-ui: Request "https://registry.yarnpkg.com/@radix-ui" returned a 405
      at params.callback [as _callback] (C:\Users\byrne\.node\corepack\yarn\1.22.19\lib\cli.js:66154:18)
      at self.callback (C:\Users\byrne\.node\corepack\yarn\1.22.19\lib\cli.js:140890:22)
      at Request.emit (node:events:513:28)
      at Request.<anonymous> (C:\Users\byrne\.node\corepack\yarn\1.22.19\lib\cli.js:141862:10)
      at Request.emit (node:events:513:28)
      at IncomingMessage.<anonymous> (C:\Users\byrne\.node\corepack\yarn\1.22.19\lib\cli.js:141784:12)
      at Object.onceWrapper (node:events:627:28)
      at IncomingMessage.emit (node:events:525:35)
      at endReadableNT (node:internal/streams/readable:1359:12)
      at process.processTicksAndRejections (node:internal/process/task_queues:82:21)

npm manifest: 
  No manifest

yarn manifest: 
  No manifest

Lockfile: 
  No lockfile
